2022-01-22 08:05:55 plan_predictor.py --seed=Random --use_dialogue=Yes --experiment=3 --seq_model=LSTM --pov=First --plan=Yes --intermediate=0 --save_path=models/aggregate/plan_exp3_LSTM_int0_d.torch > models/aggregate/plan_exp3_LSTM_int0_d.log
2022-01-22 09:02:24 plan_predictor.py --seed=Random --use_dialogue=Yes --experiment=3 --seq_model=LSTM --pov=First --plan=Yes --intermediate=1 --save_path=models/aggregate/plan_exp3_LSTM_int1_d.torch > models/aggregate/plan_exp3_LSTM_int1_d.log
2022-01-22 09:53:10 plan_predictor.py --seed=Random --use_dialogue=Yes --experiment=3 --seq_model=LSTM --pov=First --plan=Yes --intermediate=2 --save_path=models/aggregate/plan_exp3_LSTM_int2_d.torch > models/aggregate/plan_exp3_LSTM_int2_d.log
2022-01-22 10:52:25 plan_predictor.py --seed=Random --use_dialogue=Yes --experiment=3 --seq_model=LSTM --pov=First --plan=Yes --intermediate=4 --save_path=models/aggregate/plan_exp3_LSTM_int4_d.torch > models/aggregate/plan_exp3_LSTM_int4_d.log
2022-01-22 11:52:33 plan_predictor.py --seed=Random --use_dialogue=Yes --experiment=3 --seq_model=LSTM --pov=First --plan=Yes --intermediate=8 --save_path=models/aggregate/plan_exp3_LSTM_int8_d.torch > models/aggregate/plan_exp3_LSTM_int8_d.log
2022-01-22 12:43:17 plan_predictor.py --seed=Random --use_dialogue=Yes --experiment=3 --seq_model=LSTM --pov=First --plan=Yes --intermediate=0 --save_path=models/aggregate/plan_exp3_LSTM_int0_e.torch > models/aggregate/plan_exp3_LSTM_int0_e.log
2022-01-22 13:33:50 plan_predictor.py --seed=Random --use_dialogue=Yes --experiment=3 --seq_model=LSTM --pov=First --plan=Yes --intermediate=1 --save_path=models/aggregate/plan_exp3_LSTM_int1_e.torch > models/aggregate/plan_exp3_LSTM_int1_e.log
2022-01-22 14:31:24 plan_predictor.py --seed=Random --use_dialogue=Yes --experiment=3 --seq_model=LSTM --pov=First --plan=Yes --intermediate=2 --save_path=models/aggregate/plan_exp3_LSTM_int2_e.torch > models/aggregate/plan_exp3_LSTM_int2_e.log
2022-01-22 15:22:09 plan_predictor.py --seed=Random --use_dialogue=Yes --experiment=3 --seq_model=LSTM --pov=First --plan=Yes --intermediate=4 --save_path=models/aggregate/plan_exp3_LSTM_int4_e.torch > models/aggregate/plan_exp3_LSTM_int4_e.log
2022-01-22 16:12:41 plan_predictor.py --seed=Random --use_dialogue=Yes --experiment=3 --seq_model=LSTM --pov=First --plan=Yes --intermediate=8 --save_path=models/aggregate/plan_exp3_LSTM_int8_e.torch > models/aggregate/plan_exp3_LSTM_int8_e.log
2022-01-22 17:03:19 plan_predictor.py --seed=Random --use_dialogue=Yes --experiment=3 --seq_model=LSTM --pov=First --plan=Yes --intermediate=0 --save_path=models/aggregate/plan_exp3_LSTM_int0_f.torch > models/aggregate/plan_exp3_LSTM_int0_f.log
2022-01-22 17:53:51 plan_predictor.py --seed=Random --use_dialogue=Yes --experiment=3 --seq_model=LSTM --pov=First --plan=Yes --intermediate=1 --save_path=models/aggregate/plan_exp3_LSTM_int1_f.torch > models/aggregate/plan_exp3_LSTM_int1_f.log
2022-01-22 18:44:31 plan_predictor.py --seed=Random --use_dialogue=Yes --experiment=3 --seq_model=LSTM --pov=First --plan=Yes --intermediate=2 --save_path=models/aggregate/plan_exp3_LSTM_int2_f.torch > models/aggregate/plan_exp3_LSTM_int2_f.log
2022-01-22 19:35:23 plan_predictor.py --seed=Random --use_dialogue=Yes --experiment=3 --seq_model=LSTM --pov=First --plan=Yes --intermediate=4 --save_path=models/aggregate/plan_exp3_LSTM_int4_f.torch > models/aggregate/plan_exp3_LSTM_int4_f.log
2022-01-22 20:25:59 plan_predictor.py --seed=Random --use_dialogue=Yes --experiment=3 --seq_model=LSTM --pov=First --plan=Yes --intermediate=8 --save_path=models/aggregate/plan_exp3_LSTM_int8_f.torch > models/aggregate/plan_exp3_LSTM_int8_f.log
2022-01-22 21:17:03 plan_predictor.py --seed=Random --use_dialogue=Yes --experiment=3 --seq_model=LSTM --pov=First --plan=Yes --intermediate=0 --save_path=models/aggregate/plan_exp3_LSTM_int0_g.torch > models/aggregate/plan_exp3_LSTM_int0_g.log
2022-01-22 22:18:28 plan_predictor.py --seed=Random --use_dialogue=Yes --experiment=3 --seq_model=LSTM --pov=First --plan=Yes --intermediate=1 --save_path=models/aggregate/plan_exp3_LSTM_int1_g.torch > models/aggregate/plan_exp3_LSTM_int1_g.log
2022-01-22 23:09:11 plan_predictor.py --seed=Random --use_dialogue=Yes --experiment=3 --seq_model=LSTM --pov=First --plan=Yes --intermediate=2 --save_path=models/aggregate/plan_exp3_LSTM_int2_g.torch > models/aggregate/plan_exp3_LSTM_int2_g.log
2022-01-23 00:04:14 plan_predictor.py --seed=Random --use_dialogue=Yes --experiment=3 --seq_model=LSTM --pov=First --plan=Yes --intermediate=4 --save_path=models/aggregate/plan_exp3_LSTM_int4_g.torch > models/aggregate/plan_exp3_LSTM_int4_g.log
2022-01-23 00:54:54 plan_predictor.py --seed=Random --use_dialogue=Yes --experiment=3 --seq_model=LSTM --pov=First --plan=Yes --intermediate=8 --save_path=models/aggregate/plan_exp3_LSTM_int8_g.torch > models/aggregate/plan_exp3_LSTM_int8_g.log
2022-01-23 01:45:32 plan_predictor.py --seed=Random --use_dialogue=Yes --experiment=3 --seq_model=LSTM --pov=First --plan=Yes --intermediate=0 --save_path=models/aggregate/plan_exp3_LSTM_int0_h.torch > models/aggregate/plan_exp3_LSTM_int0_h.log
2022-01-23 02:36:09 plan_predictor.py --seed=Random --use_dialogue=Yes --experiment=3 --seq_model=LSTM --pov=First --plan=Yes --intermediate=1 --save_path=models/aggregate/plan_exp3_LSTM_int1_h.torch > models/aggregate/plan_exp3_LSTM_int1_h.log
2022-01-23 03:26:53 plan_predictor.py --seed=Random --use_dialogue=Yes --experiment=3 --seq_model=LSTM --pov=First --plan=Yes --intermediate=2 --save_path=models/aggregate/plan_exp3_LSTM_int2_h.torch > models/aggregate/plan_exp3_LSTM_int2_h.log
2022-01-23 04:27:46 plan_predictor.py --seed=Random --use_dialogue=Yes --experiment=3 --seq_model=LSTM --pov=First --plan=Yes --intermediate=4 --save_path=models/aggregate/plan_exp3_LSTM_int4_h.torch > models/aggregate/plan_exp3_LSTM_int4_h.log
2022-01-23 05:18:25 plan_predictor.py --seed=Random --use_dialogue=Yes --experiment=3 --seq_model=LSTM --pov=First --plan=Yes --intermediate=8 --save_path=models/aggregate/plan_exp3_LSTM_int8_h.torch > models/aggregate/plan_exp3_LSTM_int8_h.log
2022-01-23 06:09:12 plan_predictor.py --seed=Random --use_dialogue=Yes --experiment=3 --seq_model=LSTM --pov=First --plan=Yes --intermediate=0 --save_path=models/aggregate/plan_exp3_LSTM_int0_i.torch > models/aggregate/plan_exp3_LSTM_int0_i.log
2022-01-23 06:59:42 plan_predictor.py --seed=Random --use_dialogue=Yes --experiment=3 --seq_model=LSTM --pov=First --plan=Yes --intermediate=1 --save_path=models/aggregate/plan_exp3_LSTM_int1_i.torch > models/aggregate/plan_exp3_LSTM_int1_i.log
2022-01-23 07:50:30 plan_predictor.py --seed=Random --use_dialogue=Yes --experiment=3 --seq_model=LSTM --pov=First --plan=Yes --intermediate=2 --save_path=models/aggregate/plan_exp3_LSTM_int2_i.torch > models/aggregate/plan_exp3_LSTM_int2_i.log
2022-01-23 08:41:19 plan_predictor.py --seed=Random --use_dialogue=Yes --experiment=3 --seq_model=LSTM --pov=First --plan=Yes --intermediate=4 --save_path=models/aggregate/plan_exp3_LSTM_int4_i.torch > models/aggregate/plan_exp3_LSTM_int4_i.log
2022-01-23 09:32:09 plan_predictor.py --seed=Random --use_dialogue=Yes --experiment=3 --seq_model=LSTM --pov=First --plan=Yes --intermediate=8 --save_path=models/aggregate/plan_exp3_LSTM_int8_i.torch > models/aggregate/plan_exp3_LSTM_int8_i.log
2022-01-23 15:41:56 plan_predictor.py --seed=Fixed --use_dialogue=Yes --experiment=3 --seq_model=LSTM --pov=First --plan=Yes --intermediate=3 --save_path=plan_exp3_LSTM_int3.torch > /plan_exp3_LSTM_int3.log
run_plan_predictor.sh: 23: cannot create /plan_exp3_LSTM_int3.log: Permission denied
2022-01-23 15:41:56 plan_predictor.py --seed=Fixed --use_dialogue=Yes --experiment=3 --seq_model=LSTM --pov=First --plan=Yes --intermediate=5 --save_path=plan_exp3_LSTM_int5.torch > /plan_exp3_LSTM_int5.log
run_plan_predictor.sh: 23: cannot create /plan_exp3_LSTM_int5.log: Permission denied
2022-01-23 15:41:56 plan_predictor.py --seed=Fixed --use_dialogue=Yes --experiment=3 --seq_model=LSTM --pov=First --plan=Yes --intermediate=6 --save_path=plan_exp3_LSTM_int6.torch > /plan_exp3_LSTM_int6.log
run_plan_predictor.sh: 23: cannot create /plan_exp3_LSTM_int6.log: Permission denied
2022-01-23 15:41:56 plan_predictor.py --seed=Fixed --use_dialogue=Yes --experiment=3 --seq_model=LSTM --pov=First --plan=Yes --intermediate=7 --save_path=plan_exp3_LSTM_int7.torch > /plan_exp3_LSTM_int7.log
run_plan_predictor.sh: 23: cannot create /plan_exp3_LSTM_int7.log: Permission denied
2022-01-23 15:42:34 plan_predictor.py --seed=Fixed --use_dialogue=Yes --experiment=3 --seq_model=LSTM --pov=First --plan=Yes --intermediate=3 --save_path=plan_exp3_LSTM_int3.torch > models/aggregate/plan_exp3_LSTM_int3.log
2022-01-23 16:33:19 plan_predictor.py --seed=Fixed --use_dialogue=Yes --experiment=3 --seq_model=LSTM --pov=First --plan=Yes --intermediate=5 --save_path=plan_exp3_LSTM_int5.torch > models/aggregate/plan_exp3_LSTM_int5.log
2022-01-23 17:24:20 plan_predictor.py --seed=Fixed --use_dialogue=Yes --experiment=3 --seq_model=LSTM --pov=First --plan=Yes --intermediate=6 --save_path=plan_exp3_LSTM_int6.torch > models/aggregate/plan_exp3_LSTM_int6.log
2022-01-23 18:20:01 plan_predictor.py --seed=Fixed --use_dialogue=Yes --experiment=3 --seq_model=LSTM --pov=First --plan=Yes --intermediate=7 --save_path=plan_exp3_LSTM_int7.torch > models/aggregate/plan_exp3_LSTM_int7.log
run_plan_predictor.sh: 84: xed: not found
2022-01-23 19:12:35 plan_predictor.py --seed=Fixed --use_dialogue=Yes --experiment=3 --seq_model=LSTM --pov=First --plan=Yes --intermediate=9 --save_path=models/aggregate/plan_exp3_LSTM_int9.torch > models/aggregate/plan_exp3_LSTM_int9.log
2022-01-23 20:03:37 plan_predictor.py --seed=Fixed --use_dialogue=Yes --experiment=3 --seq_model=LSTM --pov=First --plan=Yes --intermediate=10 --save_path=models/aggregate/plan_exp3_LSTM_int10.torch > models/aggregate/plan_exp3_LSTM_int10.log
2022-01-23 20:54:33 plan_predictor.py --seed=Fixed --use_dialogue=Yes --experiment=3 --seq_model=LSTM --pov=First --plan=Yes --intermediate=11 --save_path=models/aggregate/plan_exp3_LSTM_int11.torch > models/aggregate/plan_exp3_LSTM_int11.log
2022-01-23 21:45:19 plan_predictor.py --seed=Fixed --use_dialogue=Yes --experiment=3 --seq_model=LSTM --pov=First --plan=Yes --intermediate=12 --save_path=models/aggregate/plan_exp3_LSTM_int12.torch > models/aggregate/plan_exp3_LSTM_int12.log
2022-01-23 22:36:14 plan_predictor.py --seed=Fixed --use_dialogue=Yes --experiment=3 --seq_model=LSTM --pov=First --plan=Yes --intermediate=13 --save_path=models/aggregate/plan_exp3_LSTM_int13.torch > models/aggregate/plan_exp3_LSTM_int13.log
2022-01-23 23:27:09 plan_predictor.py --seed=Fixed --use_dialogue=Yes --experiment=3 --seq_model=LSTM --pov=First --plan=Yes --intermediate=14 --save_path=models/aggregate/plan_exp3_LSTM_int14.torch > models/aggregate/plan_exp3_LSTM_int14.log
2022-01-24 00:17:52 plan_predictor.py --seed=Fixed --use_dialogue=Yes --experiment=3 --seq_model=LSTM --pov=First --plan=Yes --intermediate=15 --save_path=models/aggregate/plan_exp3_LSTM_int15.torch > models/aggregate/plan_exp3_LSTM_int15.log
2022-01-29 16:00:56 plan_predictor.py --seed=Fixed --use_dialogue=Yes --experiment=3 --seq_model=LSTM --pov=First --plan=Yes --intermediate=16 --save_path=models/upperbound/plan_exp3_LSTM_int16.torch > models/upperbound/plan_exp3_LSTM_int16.log
2022-01-29 16:51:39 plan_predictor.py --seed=Fixed --use_dialogue=Yes --experiment=3 --seq_model=LSTM --pov=First --plan=Yes --intermediate=17 --save_path=models/upperbound/plan_exp3_LSTM_int17.torch > models/upperbound/plan_exp3_LSTM_int17.log
2022-01-29 18:30:34 plan_predictor.py --seed=Fixed --use_dialogue=Yes --experiment=3 --seq_model=LSTM --pov=First --plan=Yes --intermediate=18 --save_path=models/upperbound/plan_exp3_LSTM_int18.torch > models/upperbound/plan_exp3_LSTM_int18.log
2022-01-29 20:09:28 plan_predictor.py --seed=Fixed --use_dialogue=Yes --experiment=3 --seq_model=LSTM --pov=First --plan=Yes --intermediate=19 --save_path=models/upperbound/plan_exp3_LSTM_int19.torch > models/upperbound/plan_exp3_LSTM_int19.log
2022-01-29 21:48:54 plan_predictor.py --seed=Fixed --use_dialogue=Yes --experiment=3 --seq_model=LSTM --pov=First --plan=Yes --intermediate=20 --save_path=models/upperbound/plan_exp3_LSTM_int20.torch > models/upperbound/plan_exp3_LSTM_int20.log
2022-01-29 23:27:30 plan_predictor.py --seed=Fixed --use_dialogue=Yes --experiment=3 --seq_model=LSTM --pov=First --plan=Yes --intermediate=21 --save_path=models/upperbound/plan_exp3_LSTM_int21.torch > models/upperbound/plan_exp3_LSTM_int21.log
2022-01-30 01:06:40 plan_predictor.py --seed=Fixed --use_dialogue=Yes --experiment=3 --seq_model=LSTM --pov=First --plan=Yes --intermediate=22 --save_path=models/upperbound/plan_exp3_LSTM_int22.torch > models/upperbound/plan_exp3_LSTM_int22.log
2022-01-30 02:45:41 plan_predictor.py --seed=Fixed --use_dialogue=Yes --experiment=3 --seq_model=LSTM --pov=First --plan=Yes --intermediate=23 --save_path=models/upperbound/plan_exp3_LSTM_int23.torch > models/upperbound/plan_exp3_LSTM_int23.log
2022-01-30 04:24:29 plan_predictor.py --seed=Fixed --use_dialogue=Yes --experiment=3 --seq_model=LSTM --pov=First --plan=Yes --intermediate=24 --save_path=models/upperbound/plan_exp3_LSTM_int24.torch > models/upperbound/plan_exp3_LSTM_int24.log
2022-01-30 06:03:35 plan_predictor.py --seed=Fixed --use_dialogue=Yes --experiment=3 --seq_model=LSTM --pov=First --plan=Yes --intermediate=25 --save_path=models/upperbound/plan_exp3_LSTM_int25.torch > models/upperbound/plan_exp3_LSTM_int25.log
2022-01-30 07:47:44 plan_predictor.py --seed=Fixed --use_dialogue=Yes --experiment=3 --seq_model=LSTM --pov=First --plan=Yes --intermediate=26 --save_path=models/upperbound/plan_exp3_LSTM_int26.torch > models/upperbound/plan_exp3_LSTM_int26.log
2022-01-30 09:27:38 plan_predictor.py --seed=Fixed --use_dialogue=Yes --experiment=3 --seq_model=LSTM --pov=First --plan=Yes --intermediate=27 --save_path=models/upperbound/plan_exp3_LSTM_int27.torch > models/upperbound/plan_exp3_LSTM_int27.log
2022-01-30 11:08:47 plan_predictor.py --seed=Fixed --use_dialogue=Yes --experiment=3 --seq_model=LSTM --pov=First --plan=Yes --intermediate=28 --save_path=models/upperbound/plan_exp3_LSTM_int28.torch > models/upperbound/plan_exp3_LSTM_int28.log
2022-01-30 12:48:11 plan_predictor.py --seed=Fixed --use_dialogue=Yes --experiment=3 --seq_model=LSTM --pov=First --plan=Yes --intermediate=29 --save_path=models/upperbound/plan_exp3_LSTM_int29.torch > models/upperbound/plan_exp3_LSTM_int29.log
2022-01-30 14:30:40 plan_predictor.py --seed=Fixed --use_dialogue=Yes --experiment=3 --seq_model=LSTM --pov=First --plan=Yes --intermediate=30 --save_path=models/upperbound/plan_exp3_LSTM_int30.torch > models/upperbound/plan_exp3_LSTM_int30.log
2022-01-30 16:09:55 plan_predictor.py --seed=Fixed --use_dialogue=Yes --experiment=3 --seq_model=LSTM --pov=First --plan=Yes --intermediate=31 --save_path=models/upperbound/plan_exp3_LSTM_int31.torch > models/upperbound/plan_exp3_LSTM_int31.log
2022-01-30 18:17:13 plan_predictor.py --seed=Fixed --use_dialogue=Yes --experiment=3 --seq_model=LSTM --pov=First --plan=Yes --intermediate=16 --save_path=models/upperbound/plan_exp3_LSTM_int16.torch > models/upperbound/plan_exp3_LSTM_int16.log
2022-01-30 19:56:12 plan_predictor.py --seed=Fixed --use_dialogue=Yes --experiment=3 --seq_model=LSTM --pov=First --plan=Yes --intermediate=19 --save_path=models/upperbound/plan_exp3_LSTM_int19.torch > models/upperbound/plan_exp3_LSTM_int19.log
2022-01-30 21:35:21 plan_predictor.py --seed=Fixed --use_dialogue=Yes --experiment=3 --seq_model=LSTM --pov=First --plan=Yes --intermediate=20 --save_path=models/upperbound/plan_exp3_LSTM_int20.torch > models/upperbound/plan_exp3_LSTM_int20.log
2022-01-30 23:14:49 plan_predictor.py --seed=Fixed --use_dialogue=Yes --experiment=3 --seq_model=LSTM --pov=First --plan=Yes --intermediate=21 --save_path=models/upperbound/plan_exp3_LSTM_int21.torch > models/upperbound/plan_exp3_LSTM_int21.log
2022-01-31 00:53:48 plan_predictor.py --seed=Fixed --use_dialogue=Yes --experiment=3 --seq_model=LSTM --pov=First --plan=Yes --intermediate=25 --save_path=models/upperbound/plan_exp3_LSTM_int25.torch > models/upperbound/plan_exp3_LSTM_int25.log
2022-01-31 02:32:57 plan_predictor.py --seed=Fixed --use_dialogue=Yes --experiment=3 --seq_model=LSTM --pov=First --plan=Yes --intermediate=27 --save_path=models/upperbound/plan_exp3_LSTM_int27.torch > models/upperbound/plan_exp3_LSTM_int27.log
2022-01-31 04:12:09 plan_predictor.py --seed=Fixed --use_dialogue=Yes --experiment=3 --seq_model=LSTM --pov=First --plan=Yes --intermediate=28 --save_path=models/upperbound/plan_exp3_LSTM_int28.torch > models/upperbound/plan_exp3_LSTM_int28.log
2022-01-31 06:09:38 plan_predictor.py --seed=Fixed --use_dialogue=Yes --experiment=3 --seq_model=LSTM --pov=First --plan=Yes --intermediate=0 --save_path=models/upperbound/plan_exp3_LSTM_int0.torch > models/upperbound/plan_exp3_LSTM_int0.log
2022-01-31 07:49:34 plan_predictor.py --seed=Fixed --use_dialogue=Yes --experiment=3 --seq_model=LSTM --pov=First --plan=Yes --intermediate=0 --save_path=models/upperbound/plan_exp3_LSTM_int0.torch > models/upperbound/plan_exp3_LSTM_int0.log
2022-01-31 09:48:58 plan_predictor.py --seed=Fixed --use_dialogue=Yes --experiment=3 --seq_model=LSTM --pov=First --plan=Yes --intermediate=16 --save_path=models/upperbound/plan_exp3_LSTM_int16.torch > models/upperbound/plan_exp3_LSTM_int16.log
2022-02-01 18:44:56 plan_predictor.py --seed=Fixed --use_dialogue=Yes --experiment=3 --seq_model=LSTM --pov=First --pretrained_path=models/aggregate/plan_exp3_LSTM_int0_c.torch --plan=Yes --intermediate=1 --save_path=models/pretrained/plan_exp3_LSTM_int1.torch > models/pretrained/plan_exp3_LSTM_int1.log
2022-02-01 20:23:52 plan_predictor.py --seed=Fixed --use_dialogue=Yes --experiment=3 --seq_model=LSTM --pov=First --pretrained_path=models/aggregate/plan_exp3_LSTM_int0_c.torch --plan=Yes --intermediate=2 --save_path=models/pretrained/plan_exp3_LSTM_int2.torch > models/pretrained/plan_exp3_LSTM_int2.log
2022-02-01 22:02:32 plan_predictor.py --seed=Fixed --use_dialogue=Yes --experiment=3 --seq_model=LSTM --pov=First --pretrained_path=models/aggregate/plan_exp3_LSTM_int0_c.torch --plan=Yes --intermediate=4 --save_path=models/pretrained/plan_exp3_LSTM_int4.torch > models/pretrained/plan_exp3_LSTM_int4.log
2022-02-01 23:41:34 plan_predictor.py --seed=Fixed --use_dialogue=Yes --experiment=3 --seq_model=LSTM --pov=First --pretrained_path=models/aggregate/plan_exp3_LSTM_int0_c.torch --plan=Yes --intermediate=8 --save_path=models/pretrained/plan_exp3_LSTM_int8.torch > models/pretrained/plan_exp3_LSTM_int8.log
2022-02-02 06:26:43 plan_predictor.py --seed=Random --use_dialogue=Yes --experiment=3 --seq_model=LSTM --pov=First --pretrained_path=models/aggregate/plan_exp3_LSTM_int0_c.torch --plan=Yes --intermediate=1 --save_path=models/pretrained/plan_exp3_LSTM_int1.torch > models/pretrained/plan_exp3_LSTM_int1.log
2022-02-02 08:06:07 plan_predictor.py --seed=Random --use_dialogue=Yes --experiment=3 --seq_model=LSTM --pov=First --pretrained_path=models/aggregate/plan_exp3_LSTM_int0_c.torch --plan=Yes --intermediate=2 --save_path=models/pretrained/plan_exp3_LSTM_int2.torch > models/pretrained/plan_exp3_LSTM_int2.log
2022-02-02 09:45:18 plan_predictor.py --seed=Random --use_dialogue=Yes --experiment=3 --seq_model=LSTM --pov=First --pretrained_path=models/aggregate/plan_exp3_LSTM_int0_c.torch --plan=Yes --intermediate=4 --save_path=models/pretrained/plan_exp3_LSTM_int4.torch > models/pretrained/plan_exp3_LSTM_int4.log
Killed
2022-02-02 09:46:43 plan_predictor.py --seed=Random --use_dialogue=Yes --experiment=3 --seq_model=LSTM --pov=First --pretrained_path=models/aggregate/plan_exp3_LSTM_int0_c.torch --plan=Yes --intermediate=8 --save_path=models/pretrained/plan_exp3_LSTM_int8.torch > models/pretrained/plan_exp3_LSTM_int8.log
Killed
